<?xml version="1.0" encoding="UTF-8"?>
<testsuite xmlns:xsi="http://www.w3.org/2001/XMLSchema-instance" xsi:noNamespaceSchemaLocation="https://maven.apache.org/surefire/maven-surefire-plugin/xsd/surefire-test-report.xsd" version="3.0.1" name="autoTest.accuweather.alarm.FifteenDaysOfWeatherAlarmsTest" time="1.466" tests="1" errors="0" skipped="0" failures="0">
  <properties>
[...]
</properties>
  <testcase name="getFifteenDaysOfWeatherAlarms_shouldReturn401" classname="autoTest.accuweather.alarm.FifteenDaysOfWeatherAlarmsTest" time="0.62">
    <system-out><![CDATA[22:54:26,634 |-INFO in ch.qos.logback.classic.LoggerContext[default] - This is logback-classic version 1.3.5
22:54:26,662 |-INFO in ch.qos.logback.classic.LoggerContext[default] - Could NOT find resource [logback-test.xml]
22:54:26,662 |-INFO in ch.qos.logback.classic.LoggerContext[default] - Found resource [logback.xml] at [file:/C:/Users/%d0%95%d0%b2%d0%b3%d0%b5%d0%bd%d0%b8%d0%b9/Desktop/AutoTest_5/target/classes/logback.xml]
22:54:26,795 |-INFO in ch.qos.logback.core.model.processor.AppenderModelHandler - Processing appender named [STDOUT]
22:54:26,795 |-INFO in ch.qos.logback.core.model.processor.AppenderModelHandler - About to instantiate appender of type [ch.qos.logback.core.ConsoleAppender]
22:54:26,804 |-INFO in ch.qos.logback.core.model.processor.ImplicitModelHandler - Assuming default type [ch.qos.logback.classic.encoder.PatternLayoutEncoder] for [encoder] property
22:54:26,850 |-INFO in ch.qos.logback.core.model.processor.AppenderModelHandler - Processing appender named [FILE]
22:54:26,850 |-INFO in ch.qos.logback.core.model.processor.AppenderModelHandler - About to instantiate appender of type [ch.qos.logback.core.FileAppender]
22:54:26,853 |-WARN in ch.qos.logback.core.model.processor.ImplicitModelHandler - Ignoring unknown property [rollingPolicy] in [ch.qos.logback.core.FileAppender]
22:54:26,858 |-INFO in ch.qos.logback.core.model.processor.ImplicitModelHandler - Assuming default type [ch.qos.logback.classic.encoder.PatternLayoutEncoder] for [encoder] property
22:54:26,859 |-INFO in ch.qos.logback.core.FileAppender[FILE] - File property is set to [C:\GB_Cours\TS\BeginAutoTest\Homework\AutoTestHomework5\src\test\resources/tests.log]
22:54:26,861 |-INFO in ch.qos.logback.classic.model.processor.RootLoggerModelHandler - Setting level of ROOT logger to DEBUG
22:54:26,861 |-INFO in ch.qos.logback.core.model.processor.AppenderRefModelHandler - Attaching appender named [STDOUT] to Logger[ROOT]
22:54:26,862 |-INFO in ch.qos.logback.core.model.processor.AppenderRefModelHandler - Attaching appender named [FILE] to Logger[ROOT]
22:54:26,862 |-INFO in ch.qos.logback.core.model.processor.DefaultProcessor@69ee81fc - End of configuration.
22:54:26,863 |-INFO in ch.qos.logback.classic.joran.JoranConfigurator@6e2aa843 - Registering current configuration as safe fallback point

22:54:27.208 [main] INFO  org.mortbay.log - Logging to Logger[org.mortbay.log] via org.mortbay.log.Slf4jLog
22:54:27.211 [main] DEBUG org.mortbay.log - Container Server@64ba3208 + org.mortbay.thread.QueuedThreadPool@6492fab5 as threadpool
22:54:27.217 [main] DEBUG org.mortbay.log - Container Server@64ba3208 + DelayableSocketConnector@0.0.0.0:8080 as connector
22:54:27.230 [main] DEBUG org.mortbay.log - Container Server@64ba3208 + org.mortbay.jetty.servlet.Context@2c7b5824{/__admin,null} as handler
22:54:27.231 [main] DEBUG org.mortbay.log - Container org.mortbay.jetty.servlet.Context@2c7b5824{/__admin,null} + ServletHandler@302a07d as handler
22:54:27.235 [main] DEBUG org.mortbay.log - Container ServletHandler@302a07d + com.github.tomakehurst.wiremock.jetty6.Jetty6HandlerDispatchingServlet-473666452 as servlet
22:54:27.236 [main] DEBUG org.mortbay.log - Container ServletHandler@302a07d + (S=com.github.tomakehurst.wiremock.jetty6.Jetty6HandlerDispatchingServlet-473666452,[/]) as servletMapping
22:54:27.241 [main] DEBUG org.mortbay.log - filterNameMap=null
22:54:27.241 [main] DEBUG org.mortbay.log - pathFilters=null
22:54:27.241 [main] DEBUG org.mortbay.log - servletFilterMap=null
22:54:27.241 [main] DEBUG org.mortbay.log - servletPathMap={/=com.github.tomakehurst.wiremock.jetty6.Jetty6HandlerDispatchingServlet-473666452}
22:54:27.241 [main] DEBUG org.mortbay.log - servletNameMap={com.github.tomakehurst.wiremock.jetty6.Jetty6HandlerDispatchingServlet-473666452=com.github.tomakehurst.wiremock.jetty6.Jetty6HandlerDispatchingServlet-473666452}
22:54:27.243 [main] DEBUG org.mortbay.log - Container ServletHandler@302a07d - com.github.tomakehurst.wiremock.jetty6.Jetty6HandlerDispatchingServlet-473666452 as servlet
22:54:27.243 [main] DEBUG org.mortbay.log - Container ServletHandler@302a07d - (S=com.github.tomakehurst.wiremock.jetty6.Jetty6HandlerDispatchingServlet-473666452,[/]) as servletMapping
22:54:27.243 [main] DEBUG org.mortbay.log - Container Server@64ba3208 - org.mortbay.jetty.servlet.Context@2c7b5824{/__admin,null} as handler
22:54:27.243 [main] DEBUG org.mortbay.log - Container Server@64ba3208 + HandlerCollection@4233e892 as handler
22:54:27.243 [main] DEBUG org.mortbay.log - Container ServletHandler@302a07d + com.github.tomakehurst.wiremock.jetty6.Jetty6HandlerDispatchingServlet-473666452 as servlet
22:54:27.244 [main] DEBUG org.mortbay.log - Container ServletHandler@302a07d + (S=com.github.tomakehurst.wiremock.jetty6.Jetty6HandlerDispatchingServlet-473666452,[/]) as servletMapping
22:54:27.244 [main] DEBUG org.mortbay.log - Container org.mortbay.jetty.servlet.Context@2c7b5824{/__admin,null} + ServletHandler@302a07d as handler
22:54:27.244 [main] DEBUG org.mortbay.log - Container HandlerCollection@4233e892 + org.mortbay.jetty.servlet.Context@2c7b5824{/__admin,null} as handler
22:54:27.244 [main] DEBUG org.mortbay.log - Container HandlerCollection@4233e892 + org.mortbay.jetty.servlet.Context@2c7b5824{/__admin,null} as handler
22:54:27.244 [main] DEBUG org.mortbay.log - Container HandlerCollection@4233e892 + org.mortbay.jetty.servlet.Context@2c7b5824{/__admin,null} as handler
22:54:27.244 [main] DEBUG org.mortbay.log - Container HandlerCollection@4233e892 + org.mortbay.jetty.servlet.Context@77d2e85{/,null} as handler
22:54:27.245 [main] DEBUG org.mortbay.log - Container org.mortbay.jetty.servlet.Context@77d2e85{/,null} + ServletHandler@3ecd267f as handler
22:54:27.246 [main] DEBUG org.mortbay.log - Container ServletHandler@3ecd267f + org.mortbay.jetty.servlet.DefaultServlet-446445803 as servlet
22:54:27.246 [main] DEBUG org.mortbay.log - Container ServletHandler@3ecd267f + (S=org.mortbay.jetty.servlet.DefaultServlet-446445803,[/__files/*]) as servletMapping
22:54:27.246 [main] DEBUG org.mortbay.log - filterNameMap=null
22:54:27.246 [main] DEBUG org.mortbay.log - pathFilters=null
22:54:27.247 [main] DEBUG org.mortbay.log - servletFilterMap=null
22:54:27.247 [main] DEBUG org.mortbay.log - servletPathMap={/__files/*=org.mortbay.jetty.servlet.DefaultServlet-446445803}
22:54:27.247 [main] DEBUG org.mortbay.log - servletNameMap={org.mortbay.jetty.servlet.DefaultServlet-446445803=org.mortbay.jetty.servlet.DefaultServlet-446445803}
22:54:27.247 [main] DEBUG org.mortbay.log - Container ServletHandler@3ecd267f + com.github.tomakehurst.wiremock.jetty6.Jetty6HandlerDispatchingServlet-1424108509 as servlet
22:54:27.247 [main] DEBUG org.mortbay.log - Container ServletHandler@3ecd267f + (S=com.github.tomakehurst.wiremock.jetty6.Jetty6HandlerDispatchingServlet-1424108509,[/]) as servletMapping
22:54:27.247 [main] DEBUG org.mortbay.log - filterNameMap=null
22:54:27.247 [main] DEBUG org.mortbay.log - pathFilters=null
22:54:27.248 [main] DEBUG org.mortbay.log - servletFilterMap=null
22:54:27.248 [main] DEBUG org.mortbay.log - servletPathMap={/__files/*=org.mortbay.jetty.servlet.DefaultServlet-446445803, /=com.github.tomakehurst.wiremock.jetty6.Jetty6HandlerDispatchingServlet-1424108509}
22:54:27.248 [main] DEBUG org.mortbay.log - servletNameMap={org.mortbay.jetty.servlet.DefaultServlet-446445803=org.mortbay.jetty.servlet.DefaultServlet-446445803, com.github.tomakehurst.wiremock.jetty6.Jetty6HandlerDispatchingServlet-1424108509=com.github.tomakehurst.wiremock.jetty6.Jetty6HandlerDispatchingServlet-1424108509}
22:54:27.277 [main] DEBUG org.mortbay.log - Container ServletHandler@3ecd267f + com.github.tomakehurst.wiremock.servlet.ContentTypeSettingFilter-565881091 as filter
22:54:27.278 [main] DEBUG org.mortbay.log - Container ServletHandler@3ecd267f + (F=com.github.tomakehurst.wiremock.servlet.ContentTypeSettingFilter-565881091,[/__files/*],[],2) as filterMapping
22:54:27.279 [main] DEBUG org.mortbay.log - filterNameMap={com.github.tomakehurst.wiremock.servlet.ContentTypeSettingFilter-565881091=com.github.tomakehurst.wiremock.servlet.ContentTypeSettingFilter-565881091}
22:54:27.279 [main] DEBUG org.mortbay.log - pathFilters=[(F=com.github.tomakehurst.wiremock.servlet.ContentTypeSettingFilter-565881091,[/__files/*],[],2)]
22:54:27.279 [main] DEBUG org.mortbay.log - servletFilterMap=null
22:54:27.279 [main] DEBUG org.mortbay.log - servletPathMap={/__files/*=org.mortbay.jetty.servlet.DefaultServlet-446445803, /=com.github.tomakehurst.wiremock.jetty6.Jetty6HandlerDispatchingServlet-1424108509}
22:54:27.279 [main] DEBUG org.mortbay.log - servletNameMap={org.mortbay.jetty.servlet.DefaultServlet-446445803=org.mortbay.jetty.servlet.DefaultServlet-446445803, com.github.tomakehurst.wiremock.jetty6.Jetty6HandlerDispatchingServlet-1424108509=com.github.tomakehurst.wiremock.jetty6.Jetty6HandlerDispatchingServlet-1424108509}
22:54:27.280 [main] DEBUG org.mortbay.log - Container ServletHandler@3ecd267f + com.github.tomakehurst.wiremock.servlet.TrailingSlashFilter-1293462056 as filter
22:54:27.280 [main] DEBUG org.mortbay.log - Container ServletHandler@3ecd267f + (F=com.github.tomakehurst.wiremock.servlet.TrailingSlashFilter-1293462056,[/__files/*],[],15) as filterMapping
22:54:27.280 [main] DEBUG org.mortbay.log - filterNameMap={com.github.tomakehurst.wiremock.servlet.ContentTypeSettingFilter-565881091=com.github.tomakehurst.wiremock.servlet.ContentTypeSettingFilter-565881091, com.github.tomakehurst.wiremock.servlet.TrailingSlashFilter-1293462056=com.github.tomakehurst.wiremock.servlet.TrailingSlashFilter-1293462056}
22:54:27.280 [main] DEBUG org.mortbay.log - pathFilters=[(F=com.github.tomakehurst.wiremock.servlet.ContentTypeSettingFilter-565881091,[/__files/*],[],2), (F=com.github.tomakehurst.wiremock.servlet.TrailingSlashFilter-1293462056,[/__files/*],[],15)]
22:54:27.281 [main] DEBUG org.mortbay.log - servletFilterMap=null
22:54:27.281 [main] DEBUG org.mortbay.log - servletPathMap={/__files/*=org.mortbay.jetty.servlet.DefaultServlet-446445803, /=com.github.tomakehurst.wiremock.jetty6.Jetty6HandlerDispatchingServlet-1424108509}
22:54:27.281 [main] DEBUG org.mortbay.log - servletNameMap={org.mortbay.jetty.servlet.DefaultServlet-446445803=org.mortbay.jetty.servlet.DefaultServlet-446445803, com.github.tomakehurst.wiremock.jetty6.Jetty6HandlerDispatchingServlet-1424108509=com.github.tomakehurst.wiremock.jetty6.Jetty6HandlerDispatchingServlet-1424108509}
22:54:27.281 [main] DEBUG org.mortbay.log - Container HandlerCollection@4233e892 + org.mortbay.jetty.servlet.Context@2c7b5824{/__admin,null} as handler
22:54:27.281 [main] DEBUG org.mortbay.log - Container HandlerCollection@4233e892 + org.mortbay.jetty.servlet.Context@77d2e85{/,null} as handler
22:54:27.306 [main] INFO  autoTest.accuweather.AbstractTest - Start WireMockServer on port 8080
22:54:27.319 [main] INFO  a.a.a.FifteenDaysOfWeatherAlarmsTest - Тест код ответ 401 запущен
22:54:27.319 [main] DEBUG a.a.a.FifteenDaysOfWeatherAlarmsTest - Формируем мок GET /alarms/v1/15day//290421
22:54:27.864 [main] DEBUG a.a.a.FifteenDaysOfWeatherAlarmsTest - http клиент создан
22:54:27.917 [main] DEBUG autoTest.accuweather.AbstractTest - convertResponseToString method call
]]></system-out>
  </testcase>
</testsuite>